\BOOKMARK [0][-]{chapter*.1}{\376\377\000T\000\363\000m\000\040\000t\036\257\000t}{}% 1
\BOOKMARK [0][-]{chapter*.2}{\376\377\000A\000b\000s\000t\000r\000a\000c\000t}{}% 2
\BOOKMARK [0][-]{section*.3}{\376\377\000D\000a\000n\000h\000\040\000m\036\345\000c\000\040\000h\000\354\000n\000h\000\040\000v\036\275}{}% 3
\BOOKMARK [0][-]{section*.4}{\376\377\000D\000a\000n\000h\000\040\000m\036\345\000c\000\040\000b\036\243\000n\000g\000\040\000b\000i\036\303\000u}{}% 4
\BOOKMARK [0][-]{section*.5}{\376\377\000D\000a\000n\000h\000\040\000m\036\345\000c\000\040\000m\000\343\000\040\000n\000g\000u\036\323\000n}{}% 5
\BOOKMARK [0][-]{chapter*.7}{\376\377\000D\000a\000n\000h\000\040\000m\036\345\000c\000\040\000t\036\353\000\040\000v\000i\036\277\000t\000\040\000t\036\257\000t}{}% 6
\BOOKMARK [0][-]{chapter.1}{\376\377\0001\000\040\000G\000i\036\333\000i\000\040\000t\000h\000i\036\307\000u}{}% 7
\BOOKMARK [1][-]{section.1.1}{\376\377\0001\000.\0001\000\040\001\020\036\267\000t\000\040\000v\036\245\000n\000\040\001\021\036\301}{chapter.1}% 8
\BOOKMARK [1][-]{section.1.2}{\376\377\0001\000.\0002\000\040\000M\036\345\000c\000\040\000t\000i\000\352\000u\000\040\001\021\036\301\000\040\000t\000\340\000i}{chapter.1}% 9
\BOOKMARK [1][-]{section.1.3}{\376\377\0001\000.\0003\000\040\000P\000h\036\241\000m\000\040\000v\000i\000\040\000n\000g\000h\000i\000\352\000n\000\040\000c\036\351\000u}{chapter.1}% 10
\BOOKMARK [1][-]{section.1.4}{\376\377\0001\000.\0004\000\040\000B\036\321\000\040\000c\036\345\000c\000\040\000t\000i\036\303\000u\000\040\000l\000u\036\255\000n}{chapter.1}% 11
\BOOKMARK [0][-]{chapter.2}{\376\377\0002\000\040\000C\001\241\000\040\000s\036\337\000\040\000l\000\375\000\040\000t\000h\000u\000y\036\277\000t}{}% 12
\BOOKMARK [1][-]{section.2.1}{\376\377\0002\000.\0001\000\040\000N\000h\036\255\000n\000\040\000d\000i\036\307\000n\000\040\000k\000h\000u\000\364\000n\000\040\000m\036\267\000t}{chapter.2}% 13
\BOOKMARK [2][-]{subsection.2.1.1}{\376\377\0002\000.\0001\000.\0001\000\040\000T\036\325\000n\000g\000\040\000q\000u\000a\000n}{section.2.1}% 14
\BOOKMARK [2][-]{subsection.2.1.2}{\376\377\0002\000.\0001\000.\0002\000\040\000M\000\364\000\040\000h\000\354\000n\000h\000\040\000s\036\355\000\040\000d\036\345\000n\000g\000\040\000t\000r\000\352\000n\000\040\000E\000S\000P\0003\0002\000-\000S\0003\000:\000\040\000M\000o\000b\000i\000l\000e\000F\000a\000c\000e\000N\000e\000t}{section.2.1}% 15
\BOOKMARK [1][-]{section.2.2}{\376\377\0002\000.\0002\000\040\000K\000i\036\277\000n\000\040\000t\000r\000\372\000c\000\040\000h\036\307\000\040\000t\000h\036\321\000n\000g\000\040\000n\000h\000\372\000n\000g\000\040\001\021\000a\000\040\000v\000i\000\040\001\021\000i\036\301\000u\000\040\000k\000h\000i\036\303\000n}{chapter.2}% 16
\BOOKMARK [2][-]{subsection.2.2.1}{\376\377\0002\000.\0002\000.\0001\000\040\001\020\036\331\000n\000g\000\040\000c\001\241\000\040\000t\000h\000i\036\277\000t\000\040\000k\036\277\000\040\000D\000u\000a\000l\000-\000M\000C\000U}{section.2.2}% 17
\BOOKMARK [2][-]{subsection.2.2.2}{\376\377\0002\000.\0002\000.\0002\000\040\000G\000i\000a\000o\000\040\000t\000h\036\351\000c\000\040\000U\000A\000R\000T\000\040\000n\036\331\000i\000\040\000b\036\331}{section.2.2}% 18
\BOOKMARK [1][-]{section.2.3}{\376\377\0002\000.\0003\000\040\000C\000\341\000c\000\040\000c\000h\000u\036\251\000n\000\040\000g\000i\000a\000o\000\040\000t\000i\036\277\000p\000\040\000s\036\355\000\040\000d\036\345\000n\000g}{chapter.2}% 19
\BOOKMARK [2][-]{subsection.2.3.1}{\376\377\0002\000.\0003\000.\0001\000\040\000U\000A\000R\000T\000\040\000\050\000U\000n\000i\000v\000e\000r\000s\000a\000l\000\040\000A\000s\000y\000n\000c\000h\000r\000o\000n\000o\000u\000s\000\040\000R\000e\000c\000e\000i\000v\000e\000r\000-\000T\000r\000a\000n\000s\000m\000i\000t\000t\000e\000r\000\051}{section.2.3}% 20
\BOOKMARK [2][-]{subsection.2.3.2}{\376\377\0002\000.\0003\000.\0002\000\040\000I\0002\000C\000\040\000\050\000I\000n\000t\000e\000r\000-\000I\000n\000t\000e\000g\000r\000a\000t\000e\000d\000\040\000C\000i\000r\000c\000u\000i\000t\000\051}{section.2.3}% 21
\BOOKMARK [0][-]{chapter.3}{\376\377\0003\000\040\000T\000h\000i\036\277\000t\000\040\000k\036\277\000\040\000p\000h\036\247\000n\000\040\000c\036\351\000n\000g}{}% 22
\BOOKMARK [1][-]{section.3.1}{\376\377\0003\000.\0001\000\040\000T\036\325\000n\000g\000\040\000q\000u\000a\000n\000\040\000k\000i\036\277\000n\000\040\000t\000r\000\372\000c\000\040\000h\036\307\000\040\000t\000h\036\321\000n\000g}{chapter.3}% 23
\BOOKMARK [1][-]{section.3.2}{\376\377\0003\000.\0002\000\040\000D\000a\000n\000h\000\040\000s\000\341\000c\000h\000\040\000l\000i\000n\000h\000\040\000k\000i\036\307\000n}{chapter.3}% 24
\BOOKMARK [1][-]{section.3.3}{\376\377\0003\000.\0003\000\040\000S\001\241\000\040\001\021\036\323\000\040\000k\036\277\000t\000\040\000n\036\321\000i\000\040\000c\000h\000\342\000n}{chapter.3}% 25
\BOOKMARK [2][-]{subsection.3.3.1}{\376\377\0003\000.\0003\000.\0001\000\040\000S\000T\000M\0003\0002\000F\0003\0000\0003\000R\000E\000\040\000\050\000N\000u\000c\000l\000e\000o\000-\0006\0004\000\051}{section.3.3}% 26
\BOOKMARK [2][-]{subsection.3.3.2}{\376\377\0003\000.\0003\000.\0002\000\040\000E\000S\000P\0003\0002\000-\000S\0003\000-\000N\0001\0006\000R\0008}{section.3.3}% 27
\BOOKMARK [1][-]{section.3.4}{\376\377\0003\000.\0004\000\040\000T\000h\000i\036\277\000t\000\040\000k\036\277\000\040\000n\000g\000u\036\323\000n\000\040\001\021\000i\036\307\000n}{chapter.3}% 28
\BOOKMARK [1][-]{section.3.5}{\376\377\0003\000.\0005\000\040\000S\001\241\000\040\001\021\036\323\000\040\000n\000g\000u\000y\000\352\000n\000\040\000l\000\375}{chapter.3}% 29
\BOOKMARK [0][-]{chapter.4}{\376\377\0004\000\040\000T\000h\000i\036\277\000t\000\040\000k\036\277\000\040\000p\000h\036\247\000n\000\040\000m\036\301\000m}{}% 30
\BOOKMARK [1][-]{section.4.1}{\376\377\0004\000.\0001\000\040\000K\000i\036\277\000n\000\040\000t\000r\000\372\000c\000\040\000p\000h\036\247\000n\000\040\000m\036\301\000m\000\040\000t\036\325\000n\000g\000\040\000q\000u\000a\000n}{chapter.4}% 31
\BOOKMARK [1][-]{section.4.2}{\376\377\0004\000.\0002\000\040\000F\000i\000r\000m\000w\000a\000r\000e\000\040\000S\000T\000M\0003\0002\000F\0003\0000\0003\000R\000E}{chapter.4}% 32
\BOOKMARK [2][-]{subsection.4.2.1}{\376\377\0004\000.\0002\000.\0001\000\040\000C\036\245\000u\000\040\000t\000r\000\372\000c\000\040\000c\000h\001\260\001\241\000n\000g\000\040\000t\000r\000\354\000n\000h}{section.4.2}% 33
\BOOKMARK [2][-]{subsection.4.2.2}{\376\377\0004\000.\0002\000.\0002\000\040\000M\000\341\000y\000\040\000t\000r\036\241\000n\000g\000\040\000t\000h\000\341\000i\000\040\000h\036\307\000\040\000t\000h\036\321\000n\000g}{section.4.2}% 34
\BOOKMARK [2][-]{subsection.4.2.3}{\376\377\0004\000.\0002\000.\0003\000\040\000X\036\355\000\040\000l\000\375\000\040\000n\000g\036\257\000t\000\040\000n\000\372\000t\000\040\000n\000h\036\245\000n}{section.4.2}% 35
\BOOKMARK [2][-]{subsection.4.2.4}{\376\377\0004\000.\0002\000.\0004\000\040\001\020\000i\036\301\000u\000\040\000k\000h\000i\036\303\000n\000\040\000r\000e\000l\000a\000y\000\040\000m\036\337\000\040\000k\000h\000\363\000a}{section.4.2}% 36
\BOOKMARK [1][-]{section.4.3}{\376\377\0004\000.\0003\000\040\000F\000i\000r\000m\000w\000a\000r\000e\000\040\000E\000S\000P\0003\0002\000-\000S\0003}{chapter.4}% 37
\BOOKMARK [2][-]{subsection.4.3.1}{\376\377\0004\000.\0003\000.\0001\000\040\000C\036\245\000u\000\040\000t\000r\000\372\000c\000\040\000t\000a\000s\000k\000\040\000F\000r\000e\000e\000R\000T\000O\000S}{section.4.3}% 38
\BOOKMARK [2][-]{subsection.4.3.2}{\376\377\0004\000.\0003\000.\0002\000\040\000Q\000u\000y\000\040\000t\000r\000\354\000n\000h\000\040\000n\000h\036\255\000n\000\040\000d\000i\036\307\000n\000\040\000k\000h\000u\000\364\000n\000\040\000m\036\267\000t}{section.4.3}% 39
\BOOKMARK [2][-]{subsection.4.3.3}{\376\377\0004\000.\0003\000.\0003\000\040\001\020\001\003\000n\000g\000\040\000k\000\375\000\040\000k\000h\000u\000\364\000n\000\040\000m\036\267\000t}{section.4.3}% 40
\BOOKMARK [1][-]{section.4.4}{\376\377\0004\000.\0004\000\040\000G\000i\000a\000o\000\040\000d\000i\036\307\000n\000\040\000h\000i\036\303\000n\000\040\000t\000h\036\313\000\040\000O\000L\000E\000D\000\040\000S\000S\000D\0001\0003\0000\0006}{chapter.4}% 41
\BOOKMARK [1][-]{section.4.5}{\376\377\0004\000.\0005\000\040\000H\036\307\000\040\000t\000h\036\321\000n\000g\000\040\000\342\000m\000\040\000t\000h\000a\000n\000h\000\040\000D\000F\000P\000l\000a\000y\000e\000r\000\040\000M\000i\000n\000i}{chapter.4}% 42
\BOOKMARK [0][-]{chapter.5}{\376\377\0005\000\040\000K\036\277\000t\000\040\000q\000u\036\243\000\040\000t\000h\036\361\000c\000\040\000n\000g\000h\000i\036\307\000m\000\040\000v\000\340\000\040\001\021\000\341\000n\000h\000\040\000g\000i\000\341}{}% 43
\BOOKMARK [1][-]{section.5.1}{\376\377\0005\000.\0001\000\040\000M\000\364\000i\000\040\000t\000r\001\260\036\335\000n\000g\000\040\000t\000h\036\361\000c\000\040\000n\000g\000h\000i\036\307\000m}{chapter.5}% 44
\BOOKMARK [1][-]{section.5.2}{\376\377\0005\000.\0002\000\040\000K\036\277\000t\000\040\000q\000u\036\243\000\040\000n\000h\036\255\000n\000\040\000d\000i\036\307\000n\000\040\000k\000h\000u\000\364\000n\000\040\000m\036\267\000t}{chapter.5}% 45
\BOOKMARK [1][-]{section.5.3}{\376\377\0005\000.\0003\000\040\000T\000h\036\335\000i\000\040\000g\000i\000a\000n\000\040\000p\000h\036\243\000n\000\040\000h\036\323\000i}{chapter.5}% 46
\BOOKMARK [1][-]{section.5.4}{\376\377\0005\000.\0004\000\040\001\020\036\331\000\040\036\325\000n\000\040\001\021\036\313\000n\000h\000\040\000h\036\307\000\040\000t\000h\036\321\000n\000g}{chapter.5}% 47
\BOOKMARK [1][-]{section.5.5}{\376\377\0005\000.\0005\000\040\001\020\000\341\000n\000h\000\040\000g\000i\000\341\000\040\000t\036\325\000n\000g\000\040\000h\036\343\000p}{chapter.5}% 48
\BOOKMARK [0][-]{chapter.6}{\376\377\0006\000\040\000K\036\277\000t\000\040\000l\000u\036\255\000n\000\040\000v\000\340\000\040\000h\001\260\036\333\000n\000g\000\040\000p\000h\000\341\000t\000\040\000t\000r\000i\036\303\000n}{}% 49
\BOOKMARK [1][-]{section.6.1}{\376\377\0006\000.\0001\000\040\000K\036\277\000t\000\040\000l\000u\036\255\000n}{chapter.6}% 50
\BOOKMARK [1][-]{section.6.2}{\376\377\0006\000.\0002\000\040\000H\036\241\000n\000\040\000c\000h\036\277}{chapter.6}% 51
\BOOKMARK [1][-]{section.6.3}{\376\377\0006\000.\0003\000\040\000H\001\260\036\333\000n\000g\000\040\000p\000h\000\341\000t\000\040\000t\000r\000i\036\303\000n}{chapter.6}% 52
\BOOKMARK [0][-]{section*.18}{\376\377\000T\000\340\000i\000\040\000l\000i\036\307\000u\000\040\000t\000h\000a\000m\000\040\000k\000h\036\243\000o}{}% 53
\BOOKMARK [0][-]{appendix.A}{\376\377\000A\000\040\000S\001\241\000\040\001\021\036\323\000\040\000n\000g\000u\000y\000\352\000n\000\040\000l\000\375}{}% 54
\BOOKMARK [0][-]{appendix.B}{\376\377\000B\000\040\000M\000\343\000\040\000n\000g\000u\036\323\000n\000\040\000t\000h\000a\000m\000\040\000k\000h\036\243\000o}{}% 55
